<?xml version="1.0" encoding="UTF-8"?>
<testsuite name="pt.up.fe.ldts.example3.SimpleOrderSpockTest" tests="3" skipped="0" failures="0" errors="0" timestamp="2021-12-16T20:46:22" hostname="RAAM-ASUS" time="0.012">
  <properties/>
  <testcase name="Fixed Discount" classname="pt.up.fe.ldts.example3.SimpleOrderSpockTest" time="0.008"/>
  <testcase name="Percentage Discount" classname="pt.up.fe.ldts.example3.SimpleOrderSpockTest" time="0.003"/>
  <testcase name="No Discount" classname="pt.up.fe.ldts.example3.SimpleOrderSpockTest" time="0.0"/>
  <system-out><![CDATA[]]></system-out>
  <system-err><![CDATA[]]></system-err>
</testsuite>
