<?xml version="1.0" encoding="UTF-8"?>
<testsuite name="pt.up.fe.ldts.example2.ShapeTest" tests="6" skipped="0" failures="0" errors="0" timestamp="2021-12-10T16:31:43" hostname="DESKTOP-ES1VCTT" time="0.817">
  <properties/>
  <testcase name="getAreaRectangle()" classname="pt.up.fe.ldts.example2.ShapeTest" time="0.0"/>
  <testcase name="getPerimeterCircle()" classname="pt.up.fe.ldts.example2.ShapeTest" time="0.0"/>
  <testcase name="drawCircle()" classname="pt.up.fe.ldts.example2.ShapeTest" time="0.803"/>
  <testcase name="getAreaCircle()" classname="pt.up.fe.ldts.example2.ShapeTest" time="0.002"/>
  <testcase name="getPerimeterRectangle()" classname="pt.up.fe.ldts.example2.ShapeTest" time="0.001"/>
  <testcase name="drawRectangle()" classname="pt.up.fe.ldts.example2.ShapeTest" time="0.008"/>
  <system-out><![CDATA[]]></system-out>
  <system-err><![CDATA[]]></system-err>
</testsuite>
