<?xml version="1.0" encoding="UTF-8"?>
<testsuite name="pt.up.fe.ldts.example5.TurtleTest" tests="3" skipped="0" failures="0" errors="0" timestamp="2021-12-10T16:31:44" hostname="DESKTOP-ES1VCTT" time="0.009">
  <properties/>
  <testcase name="testForward()" classname="pt.up.fe.ldts.example5.TurtleTest" time="0.004"/>
  <testcase name="testRotateLeft()" classname="pt.up.fe.ldts.example5.TurtleTest" time="0.002"/>
  <testcase name="testRotateRight()" classname="pt.up.fe.ldts.example5.TurtleTest" time="0.002"/>
  <system-out><![CDATA[]]></system-out>
  <system-err><![CDATA[]]></system-err>
</testsuite>
