<?xml version="1.0" encoding="UTF-8"?>
<testsuite name="pt.up.fe.ldts.example1.OrderTest" tests="2" skipped="0" failures="0" errors="0" timestamp="2021-12-13T20:44:46" hostname="RAAM-ASUS" time="0.021">
  <properties/>
  <testcase name="printOrder()" classname="pt.up.fe.ldts.example1.OrderTest" time="0.02"/>
  <testcase name="isElegibleForFreeDelivery()" classname="pt.up.fe.ldts.example1.OrderTest" time="0.0"/>
  <system-out><![CDATA[]]></system-out>
  <system-err><![CDATA[]]></system-err>
</testsuite>
