<?xml version="1.0" encoding="UTF-8"?>
<testsuite name="pt.up.fe.ldts.example3.SimpleOrderSpockTest" tests="3" skipped="0" failures="0" errors="0" timestamp="2021-12-10T16:31:43" hostname="DESKTOP-ES1VCTT" time="0.023">
  <properties/>
  <testcase name="Fixed Discount" classname="pt.up.fe.ldts.example3.SimpleOrderSpockTest" time="0.012"/>
  <testcase name="Percentage Discount" classname="pt.up.fe.ldts.example3.SimpleOrderSpockTest" time="0.002"/>
  <testcase name="No Discount" classname="pt.up.fe.ldts.example3.SimpleOrderSpockTest" time="0.003"/>
  <system-out><![CDATA[]]></system-out>
  <system-err><![CDATA[]]></system-err>
</testsuite>
